<?xml version="1.0" encoding="UTF-8"?>
<!-- Generated by org.testng.reporters.JUnitReportReporter -->
<testsuite hostname="DESKTOP-F52EDBA" failures="0" tests="1" name="testscripts.SecondTest" time="7.434" errors="0" timestamp="2023-01-29T11:02:46 IST" skipped="0">
  <testcase classname="testscripts.SecondTest" name="secondTest" time="7.434"/>
  <system-out/>
</testsuite> <!-- testscripts.SecondTest -->
