<?xml version="1.0" encoding="UTF-8"?>
<!-- Generated by org.testng.reporters.JUnitReportReporter -->
<testsuite hostname="DESKTOP-F52EDBA" failures="0" tests="1" name="testscripts.FirstTest" time="5.818" errors="0" timestamp="2023-01-29T11:55:47 IST" skipped="0">
  <testcase classname="testscripts.FirstTest" name="firstTest" time="5.818"/>
  <system-out/>
</testsuite> <!-- testscripts.FirstTest -->
