<?xml version="1.0" encoding="UTF-8"?>
<!-- Generated by org.testng.reporters.JUnitReportReporter -->
<testsuite hostname="DESKTOP-F52EDBA" failures="0" tests="1" name="testscripts.FourthTest" time="9.214" errors="0" timestamp="2023-01-29T11:48:29 IST" skipped="0">
  <testcase classname="testscripts.FourthTest" name="fourthTest" time="9.214"/>
  <system-out/>
</testsuite> <!-- testscripts.FourthTest -->
